[12:06:17] [Datafixer Bootstrap/INFO]: 287 Datafixer optimizations took 487 milliseconds
[12:06:24] [main/WARN]: Invalid UUID: 'offline-uuid
[12:06:25] [Render thread/INFO]: Environment: Environment[sessionHost=https://sessionserver.mojang.com, servicesHost=https://api.minecraftservices.com, profilesHost=https://api.mojang.com, name=PROD]
[12:06:25] [Render thread/INFO]: Setting user: sadsad
[12:06:26] [Render thread/INFO]: Backend library: LWJGL version 3.3.3+5
[12:06:26] [Download-2/ERROR]: Failed to fetch user properties
com.mojang.authlib.exceptions.InvalidCredentialsException: Status: 401
	at com.mojang.authlib.exceptions.MinecraftClientHttpException.toAuthenticationException(MinecraftClientHttpException.java:59)
	at com.mojang.authlib.yggdrasil.YggdrasilUserApiService.fetchProperties(YggdrasilUserApiService.java:150)
	at gfj.bU(SourceFile:457)
	at java.base/java.util.concurrent.CompletableFuture$AsyncSupply.run(CompletableFuture.java:1768)
	at java.base/java.util.concurrent.ThreadPoolExecutor.runWorker(ThreadPoolExecutor.java:1144)
	at java.base/java.util.concurrent.ThreadPoolExecutor$Worker.run(ThreadPoolExecutor.java:642)
	at java.base/java.lang.Thread.run(Thread.java:1583)
Caused by: com.mojang.authlib.exceptions.MinecraftClientHttpException: Status: 401
	at com.mojang.authlib.minecraft.client.MinecraftClient.readInputStream(MinecraftClient.java:103)
	at com.mojang.authlib.minecraft.client.MinecraftClient.get(MinecraftClient.java:56)
	at com.mojang.authlib.yggdrasil.YggdrasilUserApiService.fetchProperties(YggdrasilUserApiService.java:121)
	... 5 more
[12:06:27] [Render thread/INFO]: Using optional rendering extensions: GL_ARB_buffer_storage, GL_KHR_debug, GL_ARB_vertex_attrib_binding, GL_ARB_direct_state_access, GL_EXT_texture_filter_anisotropic
[12:06:27] [Render thread/INFO]: Reloading ResourceManager: vanilla
[12:06:28] [Download-2/INFO]: Could not authorize you against Realms server: java.lang.RuntimeException: Failed to parse into SignedJWT: offline-token
[12:06:28] [Download-2/ERROR]: Failed to fetch Realms feature flags
gce: Realms authentication error with message 'java.lang.RuntimeException: Failed to parse into SignedJWT: offline-token'
	at fzz.a(SourceFile:526)
	at fzz.o(SourceFile:186)
	at java.base/java.util.concurrent.CompletableFuture$AsyncSupply.run(CompletableFuture.java:1768)
	at java.base/java.util.concurrent.ThreadPoolExecutor.runWorker(ThreadPoolExecutor.java:1144)
	at java.base/java.util.concurrent.ThreadPoolExecutor$Worker.run(ThreadPoolExecutor.java:642)
	at java.base/java.lang.Thread.run(Thread.java:1583)
[12:06:28] [Worker-Main-12/INFO]: Found unifont_pua-17.0.01.hex, loading
[12:06:28] [Worker-Main-4/INFO]: Found unifont_all_no_pua-17.0.01.hex, loading
[12:06:28] [Worker-Main-6/INFO]: Found unifont_jp_patch-17.0.01.hex, loading
[12:06:32] [Render thread/INFO]: OpenAL initialized on device OpenAL Soft on Altavoces (2- Realtek(R) Audio)
[12:06:32] [Render thread/INFO]: Sound engine started
[12:06:32] [Render thread/INFO]: Created: 512x256x0 minecraft:textures/atlas/particles.png-atlas
[12:06:33] [Render thread/INFO]: Created: 128x128x0 minecraft:textures/atlas/decorated_pot.png-atlas
[12:06:33] [Render thread/INFO]: Created: 2048x1024x0 minecraft:textures/atlas/armor_trims.png-atlas
[12:06:33] [Render thread/INFO]: Created: 512x256x0 minecraft:textures/atlas/paintings.png-atlas
[12:06:33] [Render thread/INFO]: Created: 1024x512x0 minecraft:textures/atlas/shield_patterns.png-atlas
[12:06:33] [Render thread/INFO]: Created: 2048x2048x4 minecraft:textures/atlas/blocks.png-atlas
[12:06:33] [Render thread/INFO]: Created: 512x512x0 minecraft:textures/atlas/chest.png-atlas
[12:06:33] [Render thread/INFO]: Created: 256x128x0 minecraft:textures/atlas/celestials.png-atlas
[12:06:33] [Render thread/INFO]: Created: 1024x512x0 minecraft:textures/atlas/banner_patterns.png-atlas
[12:06:33] [Render thread/INFO]: Created: 512x512x0 minecraft:textures/atlas/beds.png-atlas
[12:06:33] [Render thread/INFO]: Created: 1024x512x0 minecraft:textures/atlas/items.png-atlas
[12:06:34] [Render thread/INFO]: Created: 1024x1024x0 minecraft:textures/atlas/gui.png-atlas
[12:06:34] [Render thread/INFO]: Created: 128x64x0 minecraft:textures/atlas/map_decorations.png-atlas
[12:06:34] [Render thread/INFO]: Created: 512x256x0 minecraft:textures/atlas/signs.png-atlas
[12:06:34] [Render thread/INFO]: Created: 512x512x0 minecraft:textures/atlas/shulker_boxes.png-atlas
[12:06:46] [Render thread/INFO]: Resizing Dynamic Transforms UBO, capacity limit of 2 reached during a single frame. New capacity will be 4.
[12:06:46] [Render thread/INFO]: Connecting to --quickPlayRealms, 25565
[12:06:46] [Download-2/ERROR]: Failed to retrieve profile key pair
com.mojang.authlib.exceptions.MinecraftClientHttpException: Status: 401
	at com.mojang.authlib.minecraft.client.MinecraftClient.readInputStream(MinecraftClient.java:103)
	at com.mojang.authlib.minecraft.client.MinecraftClient.post(MinecraftClient.java:64)
	at com.mojang.authlib.yggdrasil.YggdrasilUserApiService.getKeyPair(YggdrasilUserApiService.java:61)
	at hhv.a(SourceFile:128)
	at hhv.b(SourceFile:77)
	at java.base/java.util.concurrent.CompletableFuture$AsyncSupply.run(CompletableFuture.java:1768)
	at java.base/java.util.concurrent.ThreadPoolExecutor.runWorker(ThreadPoolExecutor.java:1144)
	at java.base/java.util.concurrent.ThreadPoolExecutor$Worker.run(ThreadPoolExecutor.java:642)
	at java.base/java.lang.Thread.run(Thread.java:1583)
[12:06:54] [IO-Worker-1/INFO]: Could not authorize you against Realms server: java.lang.RuntimeException: Failed to parse into SignedJWT: offline-token
[12:06:54] [IO-Worker-1/ERROR]: Couldn't connect to realms
gce: Realms authentication error with message 'java.lang.RuntimeException: Failed to parse into SignedJWT: offline-token'
	at fzz.a(SourceFile:526)
	at fzz.i(SourceFile:307)
	at fzt.c(SourceFile:48)
	at java.base/java.util.concurrent.CompletableFuture$AsyncSupply.run(CompletableFuture.java:1768)
	at java.base/java.util.concurrent.ThreadPoolExecutor.runWorker(ThreadPoolExecutor.java:1144)
	at java.base/java.util.concurrent.ThreadPoolExecutor$Worker.run(ThreadPoolExecutor.java:642)
	at java.base/java.lang.Thread.run(Thread.java:1583)
[12:07:20] [Render thread/INFO]: Loaded 1470 recipes
[12:07:20] [Render thread/INFO]: Loaded 1584 advancements
[12:07:23] [Server thread/INFO]: Starting integrated minecraft server version 1.21.11
[12:07:23] [Server thread/INFO]: Generating keypair
[12:07:23] [Server thread/INFO]: Selecting global world spawn...
[12:07:27] [Server thread/INFO]: Loading 0 persistent chunks...
[12:07:27] [Server thread/INFO]: Preparing spawn area: 16%
[12:07:29] [Server thread/INFO]: Loading 47 chunks for player spawn...
[12:07:29] [Server thread/INFO]: Preparing spawn area: 16%
[12:07:29] [Server thread/INFO]: Preparing spawn area: 16%
[12:07:29] [Server thread/INFO]: Preparing spawn area: 16%
[12:07:29] [Server thread/INFO]: Preparing spawn area: 16%
[12:07:29] [Server thread/INFO]: Preparing spawn area: 16%
[12:07:29] [Server thread/INFO]: Preparing spawn area: 16%
[12:07:29] [Server thread/INFO]: Preparing spawn area: 16%
[12:07:29] [Server thread/INFO]: Preparing spawn area: 16%
[12:07:29] [Server thread/INFO]: Preparing spawn area: 16%
[12:07:29] [Server thread/INFO]: Preparing spawn area: 16%
[12:07:29] [Server thread/INFO]: Preparing spawn area: 16%
[12:07:29] [Server thread/INFO]: Preparing spawn area: 16%
[12:07:30] [Server thread/INFO]: Preparing spawn area: 16%
[12:07:30] [Server thread/INFO]: Preparing spawn area: 29%
[12:07:31] [Server thread/INFO]: Preparing spawn area: 29%
[12:07:31] [Server thread/INFO]: Preparing spawn area: 57%
[12:07:32] [Server thread/INFO]: Preparing spawn area: 57%
[12:07:32] [Server thread/INFO]: Time elapsed: 8937 ms
[12:07:32] [Server thread/INFO]: sadsad[local:E:d5058feb] logged in with entity id 39 at (-0.5, 65.0, -6.5)
[12:07:32] [Server thread/INFO]: sadsad joined the game
[12:07:33] [Server thread/INFO]: Changing view distance to 16, from 10
[12:07:33] [Server thread/INFO]: Changing simulation distance to 12, from 0
[12:07:33] [Render thread/INFO]: Resizing Dynamic Transforms UBO, capacity limit of 4 reached during a single frame. New capacity will be 8.
[12:07:33] [Render thread/INFO]: Loaded 2 advancements
[12:07:34] [Render thread/INFO]: Resizing Chunk Sections UBO, capacity limit of 2 reached during a single frame. New capacity will be 8.
[12:07:34] [Render thread/INFO]: Resizing Chunk Sections UBO, capacity limit of 8 reached during a single frame. New capacity will be 16.
[12:07:35] [Render thread/INFO]: Resizing Chunk Sections UBO, capacity limit of 16 reached during a single frame. New capacity will be 32.
[12:07:36] [Render thread/INFO]: Resizing Dynamic Transforms UBO, capacity limit of 8 reached during a single frame. New capacity will be 16.
[12:07:37] [Render thread/INFO]: Resizing Chunk Sections UBO, capacity limit of 32 reached during a single frame. New capacity will be 64.
[12:07:39] [Render thread/INFO]: Resizing Chunk Sections UBO, capacity limit of 64 reached during a single frame. New capacity will be 128.
[12:07:43] [Render thread/INFO]: Resizing Chunk Sections UBO, capacity limit of 128 reached during a single frame. New capacity will be 256.
[12:07:46] [Server thread/INFO]: Saving and pausing game...
[12:07:46] [Server thread/INFO]: Saving chunks for level 'ServerLevel[New World]'/minecraft:overworld
[12:07:46] [Server thread/INFO]: Saving chunks for level 'ServerLevel[New World]'/minecraft:the_nether
[12:07:46] [Server thread/INFO]: Saving chunks for level 'ServerLevel[New World]'/minecraft:the_end
[12:07:56] [Render thread/INFO]: Resizing Chunk Sections UBO, capacity limit of 256 reached during a single frame. New capacity will be 512.
[12:08:14] [Render thread/INFO]: Resizing Chunk Sections UBO, capacity limit of 512 reached during a single frame. New capacity will be 1024.
[12:08:45] [Server thread/INFO]: Saving and pausing game...
[12:08:45] [Server thread/INFO]: Saving chunks for level 'ServerLevel[New World]'/minecraft:overworld
[12:08:45] [Server thread/INFO]: Saving chunks for level 'ServerLevel[New World]'/minecraft:the_nether
[12:08:45] [Server thread/INFO]: Saving chunks for level 'ServerLevel[New World]'/minecraft:the_end
[12:08:45] [Server thread/INFO]: sadsad lost connection: Disconnected
[12:08:45] [Server thread/INFO]: sadsad left the game
[12:08:45] [Server thread/INFO]: Stopping singleplayer server as player logged out
[12:08:46] [Server thread/INFO]: Stopping server
[12:08:46] [Server thread/INFO]: Saving players
[12:08:46] [Server thread/INFO]: Saving worlds
[12:08:46] [Server thread/INFO]: Saving chunks for level 'ServerLevel[New World]'/minecraft:overworld
[12:08:48] [Server thread/INFO]: Saving chunks for level 'ServerLevel[New World]'/minecraft:the_nether
[12:08:48] [Server thread/INFO]: Saving chunks for level 'ServerLevel[New World]'/minecraft:the_end
[12:08:48] [Server thread/INFO]: ThreadedAnvilChunkStorage (New World): All chunks are saved
[12:08:48] [Server thread/INFO]: ThreadedAnvilChunkStorage (DIM-1): All chunks are saved
[12:08:48] [Server thread/INFO]: ThreadedAnvilChunkStorage (DIM1): All chunks are saved
[12:08:48] [Server thread/INFO]: ThreadedAnvilChunkStorage: All dimensions are saved
[12:08:49] [Render thread/INFO]: Stopping!
